<?xml version="1.0" encoding="UTF-8"?>
<!-- Generated by org.testng.reporters.JUnitXMLReporter -->
<testsuite ignored="2" hostname="LAPTOP-QBTCVFMP" failures="0" tests="1" name="Default test" time="3.512" errors="0" timestamp="2022-08-24T23:49:16 WIB">
  <testcase classname="com.juaracoding.restassured.TestHeroku" name="testDelete" time="3.462"/>
  <testcase classname="com.juaracoding.restassured.TestHeroku" name="testPost" time="0.0">
    <ignored/>
  </testcase> <!-- testPost -->
  <testcase classname="com.juaracoding.restassured.TestHeroku" name="testGet" time="0.0">
    <ignored/>
  </testcase> <!-- testGet -->
</testsuite> <!-- Default test -->
