<?xml version="1.0" encoding="UTF-8"?>
<!-- Generated by org.testng.reporters.JUnitXMLReporter -->
<testsuite ignored="0" hostname="LAPTOP-QBTCVFMP" failures="0" tests="5" name="Default test" time="16.365" errors="0" timestamp="2022-08-25T23:43:06 WIB">
  <testcase classname="com.juaracoding.restassured.TestHeroku" name="testPost" time="6.43"/>
  <testcase classname="com.juaracoding.restassured.TestHeroku" name="testGet" time="2.565"/>
  <testcase classname="com.juaracoding.restassured.TestHeroku" name="testPut" time="2.22"/>
  <testcase classname="com.juaracoding.restassured.TestHeroku" name="testPatch" time="2.48"/>
  <testcase classname="com.juaracoding.restassured.TestHeroku" name="testDelete" time="2.56"/>
</testsuite> <!-- Default test -->
