<?xml version="1.0" encoding="UTF-8"?>
<testng-results ignored="2" total="3" passed="1" failed="0" skipped="0">
  <reporter-output>
  </reporter-output>
  <suite started-at="2022-08-24T23:49:12 WIB" name="Default suite" finished-at="2022-08-24T23:49:16 WIB" duration-ms="3512">
    <groups>
    </groups>
    <test started-at="2022-08-24T23:49:12 WIB" name="Default test" finished-at="2022-08-24T23:49:16 WIB" duration-ms="3512">
      <class name="com.juaracoding.restassured.TestHeroku">
        <test-method signature="testDelete()[pri:0, instance:com.juaracoding.restassured.TestHeroku@26275bef]" started-at="2022-08-24T23:49:13 WIB" name="testDelete" finished-at="2022-08-24T23:49:16 WIB" duration-ms="3462" status="PASS">
          <reporter-output>
          </reporter-output>
        </test-method> <!-- testDelete -->
      </class> <!-- com.juaracoding.restassured.TestHeroku -->
    </test> <!-- Default test -->
  </suite> <!-- Default suite -->
</testng-results>
